[ 2016-07-19T15:02:57+08:00 ] 10.240.0.33 /cyBusAdmin/Public/jquery/easyui-lang-zh_TW.js
INFO: [ app_init ] --START--
INFO: Run Behavior\BuildLiteBehavior [ RunTime:0.000038s ]
INFO: [ app_init ] --END-- [ RunTime:0.000278s ]
ERR: 无法加载模块:Public

[ 2016-07-19T15:03:19+08:00 ] 10.240.0.213 /cyBusAdmin/Public/jquery-easyui/easyui-lang-zh_TW.js
INFO: [ app_init ] --START--
INFO: Run Behavior\BuildLiteBehavior [ RunTime:0.000021s ]
INFO: [ app_init ] --END-- [ RunTime:0.000158s ]
ERR: 无法加载模块:Public

[ 2016-07-19T15:04:12+08:00 ] 10.240.0.136 /cyBusAdmin/Public/jquery-easyui/local/easyui-lang-zh_TW.js
INFO: [ app_init ] --START--
INFO: Run Behavior\BuildLiteBehavior [ RunTime:0.000024s ]
INFO: [ app_init ] --END-- [ RunTime:0.000163s ]
ERR: 无法加载模块:Public

[ 2016-07-19T15:06:10+08:00 ] 10.240.0.211 /cyBusAdmin/Public/jquery-easyui/local/easyui-lang-zh_TW.js
INFO: [ app_init ] --START--
INFO: Run Behavior\BuildLiteBehavior [ RunTime:0.000022s ]
INFO: [ app_init ] --END-- [ RunTime:0.000257s ]
ERR: 无法加载模块:Public

[ 2016-07-19T15:06:11+08:00 ] 10.240.0.211 /cyBusAdmin/Public/jquery-easyui/local/easyui-lang-zh_TW.js
INFO: [ app_init ] --START--
INFO: Run Behavior\BuildLiteBehavior [ RunTime:0.000049s ]
INFO: [ app_init ] --END-- [ RunTime:0.000338s ]
ERR: 无法加载模块:Public

[ 2016-07-19T15:07:02+08:00 ] 10.240.0.211 /cyBusAdmin/Public/jquery-easyui/local/easyui-lang-zh_TW.js
INFO: [ app_init ] --START--
INFO: Run Behavior\BuildLiteBehavior [ RunTime:0.000040s ]
INFO: [ app_init ] --END-- [ RunTime:0.000293s ]
ERR: 无法加载模块:Public

[ 2016-07-19T15:09:11+08:00 ] 10.240.0.214 /cyBusAdmin/Public/jquery-easyui/easyui-lang-zh_TW.js
INFO: [ app_init ] --START--
INFO: Run Behavior\BuildLiteBehavior [ RunTime:0.000030s ]
INFO: [ app_init ] --END-- [ RunTime:0.000165s ]
ERR: 无法加载模块:Public

[ 2016-07-19T15:10:35+08:00 ] 10.240.0.214 /cyBusAdmin/Public/jquery-easyui/local/easyui-lang-zh_TW.js
INFO: [ app_init ] --START--
INFO: Run Behavior\BuildLiteBehavior [ RunTime:0.000029s ]
INFO: [ app_init ] --END-- [ RunTime:0.000218s ]
ERR: 无法加载模块:Public

[ 2016-07-19T15:11:04+08:00 ] 10.240.0.136 /cyBusAdmin/Public/jquery-easyui/local/easyui-lang-zh_CN.js
INFO: [ app_init ] --START--
INFO: Run Behavior\BuildLiteBehavior [ RunTime:0.000039s ]
INFO: [ app_init ] --END-- [ RunTime:0.000318s ]
ERR: 无法加载模块:Public

[ 2016-07-19T15:11:21+08:00 ] 10.240.0.230 /cyBusAdmin/Public/jquery-easyui/local/easyui-lang-zh_TW.js
INFO: [ app_init ] --START--
INFO: Run Behavior\BuildLiteBehavior [ RunTime:0.000023s ]
INFO: [ app_init ] --END-- [ RunTime:0.000151s ]
ERR: 无法加载模块:Public

