[ 2016-07-16T20:39:53+08:00 ] 10.240.0.230 /cyBus2/index.phpHome
INFO: [ app_init ] --START--
INFO: Run Behavior\BuildLiteBehavior [ RunTime:0.000036s ]
INFO: [ app_init ] --END-- [ RunTime:0.000307s ]
ERR: 无法加载模块:Index

[ 2016-07-16T20:52:09+08:00 ] 10.240.0.33 /cyBus2/Public/images/logo.png
INFO: [ app_init ] --START--
INFO: Run Behavior\BuildLiteBehavior [ RunTime:0.000021s ]
INFO: [ app_init ] --END-- [ RunTime:0.000151s ]

[ 2016-07-16T20:57:31+08:00 ] 10.240.0.157 /cyBus2/Public/js/jquery-easyui-1.4.1/themes/default/easyui.css
INFO: [ app_init ] --START--
INFO: Run Behavior\BuildLiteBehavior [ RunTime:0.000021s ]
INFO: [ app_init ] --END-- [ RunTime:0.000215s ]
ERR: 无法加载模块:Public

[ 2016-07-16T20:57:31+08:00 ] 10.240.0.212 /cyBus2/Public/js/jquery-easyui-1.4.1/themes/icon.css
INFO: [ app_init ] --START--
INFO: Run Behavior\BuildLiteBehavior [ RunTime:0.000022s ]
INFO: [ app_init ] --END-- [ RunTime:0.000183s ]
ERR: 无法加载模块:Public

[ 2016-07-16T20:57:31+08:00 ] 10.240.0.157 /cyBus2/Public/js/jquery-easyui-1.4.1/jquery.easyui.min.js
INFO: [ app_init ] --START--
INFO: Run Behavior\BuildLiteBehavior [ RunTime:0.000031s ]
INFO: [ app_init ] --END-- [ RunTime:0.000247s ]
ERR: 无法加载模块:Public

[ 2016-07-16T20:57:31+08:00 ] 10.240.0.33 /cyBus2/Public/images/logo.png
INFO: [ app_init ] --START--
INFO: Run Behavior\BuildLiteBehavior [ RunTime:0.000023s ]
INFO: [ app_init ] --END-- [ RunTime:0.000264s ]

[ 2016-07-16T20:57:31+08:00 ] 10.240.0.240 /cyBus2/Public/js/jquery-easyui-1.4.1/jquery.min.js
INFO: [ app_init ] --START--
INFO: Run Behavior\BuildLiteBehavior [ RunTime:0.000029s ]
INFO: [ app_init ] --END-- [ RunTime:0.000217s ]
ERR: 无法加载模块:Public

[ 2016-07-16T20:57:31+08:00 ] 10.240.0.212 /cyBus2/Public/js/jquery-easyui-1.4.1/jquery.easyui.min.js
INFO: [ app_init ] --START--
INFO: Run Behavior\BuildLiteBehavior [ RunTime:0.000034s ]
INFO: [ app_init ] --END-- [ RunTime:0.000241s ]
ERR: 无法加载模块:Public

[ 2016-07-16T20:57:31+08:00 ] 10.240.0.157 /cyBus2/Public/images/logo.png
INFO: [ app_init ] --START--
INFO: Run Behavior\BuildLiteBehavior [ RunTime:0.000048s ]
INFO: [ app_init ] --END-- [ RunTime:0.000292s ]

[ 2016-07-16T20:58:01+08:00 ] 10.240.0.33 /cyBus2/Public/jquery-easyui-1.4.1/themes/default/easyui.css
INFO: [ app_init ] --START--
INFO: Run Behavior\BuildLiteBehavior [ RunTime:0.000036s ]
INFO: [ app_init ] --END-- [ RunTime:0.000249s ]
ERR: 无法加载模块:Public

[ 2016-07-16T20:58:01+08:00 ] 10.240.0.33 /cyBus2/Public/jquery-easyui-1.4.1/jquery.easyui.min.js
INFO: [ app_init ] --START--
INFO: Run Behavior\BuildLiteBehavior [ RunTime:0.000026s ]
INFO: [ app_init ] --END-- [ RunTime:0.000182s ]
ERR: 无法加载模块:Public

[ 2016-07-16T20:58:01+08:00 ] 10.240.0.211 /cyBus2/Public/jquery-easyui-1.4.1/themes/icon.css
INFO: [ app_init ] --START--
INFO: Run Behavior\BuildLiteBehavior [ RunTime:0.000017s ]
INFO: [ app_init ] --END-- [ RunTime:0.000115s ]
ERR: 无法加载模块:Public

[ 2016-07-16T20:58:01+08:00 ] 10.240.0.33 /cyBus2/Public/jquery-easyui-1.4.1/jquery.min.js
INFO: [ app_init ] --START--
INFO: Run Behavior\BuildLiteBehavior [ RunTime:0.000027s ]
INFO: [ app_init ] --END-- [ RunTime:0.000231s ]
ERR: 无法加载模块:Public

[ 2016-07-16T20:58:01+08:00 ] 10.240.0.33 /cyBus2/Public/images/logo.png
INFO: [ app_init ] --START--
INFO: Run Behavior\BuildLiteBehavior [ RunTime:0.000033s ]
INFO: [ app_init ] --END-- [ RunTime:0.000233s ]

[ 2016-07-16T20:58:01+08:00 ] 10.240.0.33 /cyBus2/Public/jquery-easyui-1.4.1/jquery.easyui.min.js
INFO: [ app_init ] --START--
INFO: Run Behavior\BuildLiteBehavior [ RunTime:0.000020s ]
INFO: [ app_init ] --END-- [ RunTime:0.000129s ]
ERR: 无法加载模块:Public

[ 2016-07-16T20:58:01+08:00 ] 10.240.0.33 /cyBus2/Public/images/logo.png
INFO: [ app_init ] --START--
INFO: Run Behavior\BuildLiteBehavior [ RunTime:0.000032s ]
INFO: [ app_init ] --END-- [ RunTime:0.000223s ]

[ 2016-07-16T20:58:02+08:00 ] 10.240.0.211 /cyBus2/Public/jquery-easyui-1.4.1/themes/default/easyui.css
INFO: [ app_init ] --START--
INFO: Run Behavior\BuildLiteBehavior [ RunTime:0.000037s ]
INFO: [ app_init ] --END-- [ RunTime:0.000263s ]
ERR: 无法加载模块:Public

[ 2016-07-16T20:58:02+08:00 ] 10.240.0.211 /cyBus2/Public/images/logo.png
INFO: [ app_init ] --START--
INFO: Run Behavior\BuildLiteBehavior [ RunTime:0.000028s ]
INFO: [ app_init ] --END-- [ RunTime:0.000197s ]

[ 2016-07-16T20:58:02+08:00 ] 10.240.0.240 /cyBus2/Public/jquery-easyui-1.4.1/jquery.easyui.min.js
INFO: [ app_init ] --START--
INFO: Run Behavior\BuildLiteBehavior [ RunTime:0.000034s ]
INFO: [ app_init ] --END-- [ RunTime:0.000229s ]
ERR: 无法加载模块:Public

[ 2016-07-16T20:58:02+08:00 ] 10.240.0.33 /cyBus2/Public/jquery-easyui-1.4.1/themes/icon.css
INFO: [ app_init ] --START--
INFO: Run Behavior\BuildLiteBehavior [ RunTime:0.000031s ]
INFO: [ app_init ] --END-- [ RunTime:0.000172s ]
ERR: 无法加载模块:Public

[ 2016-07-16T20:58:02+08:00 ] 10.240.0.157 /cyBus2/Public/jquery-easyui-1.4.1/jquery.min.js
INFO: [ app_init ] --START--
INFO: Run Behavior\BuildLiteBehavior [ RunTime:0.000019s ]
INFO: [ app_init ] --END-- [ RunTime:0.000128s ]
ERR: 无法加载模块:Public

[ 2016-07-16T20:58:02+08:00 ] 10.240.0.211 /cyBus2/Public/jquery-easyui-1.4.1/jquery.easyui.min.js
INFO: [ app_init ] --START--
INFO: Run Behavior\BuildLiteBehavior [ RunTime:0.000021s ]
INFO: [ app_init ] --END-- [ RunTime:0.000204s ]
ERR: 无法加载模块:Public

[ 2016-07-16T20:58:02+08:00 ] 10.240.0.33 /cyBus2/Public/images/logo.png
INFO: [ app_init ] --START--
INFO: Run Behavior\BuildLiteBehavior [ RunTime:0.000021s ]
INFO: [ app_init ] --END-- [ RunTime:0.000141s ]

[ 2016-07-16T20:58:29+08:00 ] 10.240.0.33 /cyBus2/Public/images/logo.png
INFO: [ app_init ] --START--
INFO: Run Behavior\BuildLiteBehavior [ RunTime:0.000039s ]
INFO: [ app_init ] --END-- [ RunTime:0.000288s ]

[ 2016-07-16T20:58:29+08:00 ] 10.240.0.240 /cyBus2/Public/images/logo.png
INFO: [ app_init ] --START--
INFO: Run Behavior\BuildLiteBehavior [ RunTime:0.000021s ]
INFO: [ app_init ] --END-- [ RunTime:0.000141s ]

[ 2016-07-16T21:01:16+08:00 ] 10.240.0.212 /cyBus2/Public/images/logo.png
INFO: [ app_init ] --START--
INFO: Run Behavior\BuildLiteBehavior [ RunTime:0.000049s ]
INFO: [ app_init ] --END-- [ RunTime:0.000261s ]

[ 2016-07-16T21:01:17+08:00 ] 10.240.0.212 /cyBus2/Public/images/logo.png
INFO: [ app_init ] --START--
INFO: Run Behavior\BuildLiteBehavior [ RunTime:0.000029s ]
INFO: [ app_init ] --END-- [ RunTime:0.000173s ]

[ 2016-07-16T21:02:07+08:00 ] 10.240.0.214 /cyBus2/Public/images/logo.png
INFO: [ app_init ] --START--
INFO: Run Behavior\BuildLiteBehavior [ RunTime:0.000021s ]
INFO: [ app_init ] --END-- [ RunTime:0.000142s ]

[ 2016-07-16T21:02:07+08:00 ] 10.240.0.240 /cyBus2/Public/images/logo.png
INFO: [ app_init ] --START--
INFO: Run Behavior\BuildLiteBehavior [ RunTime:0.000033s ]
INFO: [ app_init ] --END-- [ RunTime:0.000216s ]

[ 2016-07-16T21:02:39+08:00 ] 10.240.0.214 /cyBus2/Public/images/logo.png
INFO: [ app_init ] --START--
INFO: Run Behavior\BuildLiteBehavior [ RunTime:0.000045s ]
INFO: [ app_init ] --END-- [ RunTime:0.000374s ]

