[ 2016-07-18T09:04:50+08:00 ] 10.240.0.212 /cyBus2/Index.php/Admin/index/Index
INFO: [ app_init ] --START--
INFO: Run Behavior\BuildLiteBehavior [ RunTime:0.000028s ]
INFO: [ app_init ] --END-- [ RunTime:0.000460s ]
ERR: 无法加载模块:Index.php

[ 2016-07-18T09:05:06+08:00 ] 10.240.0.211 /cyBus2/Index.php/Admin/Index/
INFO: [ app_init ] --START--
INFO: Run Behavior\BuildLiteBehavior [ RunTime:0.000043s ]
INFO: [ app_init ] --END-- [ RunTime:0.000518s ]
ERR: 无法加载模块:Index.php

[ 2016-07-18T09:05:19+08:00 ] 10.240.0.240 /cyBus2/Index.php/Admin/Index/index
INFO: [ app_init ] --START--
INFO: Run Behavior\BuildLiteBehavior [ RunTime:0.000022s ]
INFO: [ app_init ] --END-- [ RunTime:0.000205s ]
ERR: 无法加载模块:Index.php

[ 2016-07-18T11:28:05+08:00 ] 10.240.0.136 /cyBus2/index.php/Schedule
INFO: [ app_init ] --START--
INFO: Run Behavior\BuildLiteBehavior [ RunTime:0.000039s ]
INFO: [ app_init ] --END-- [ RunTime:0.000545s ]
ERR: 无法加载模块:Schedule

[ 2016-07-18T14:15:45+08:00 ] 10.240.0.213 /cyBus2/index.php/busSchedule.html
INFO: [ app_init ] --START--
INFO: Run Behavior\BuildLiteBehavior [ RunTime:0.000047s ]
INFO: [ app_init ] --END-- [ RunTime:0.000638s ]
ERR: 无法加载模块:BusSchedule

[ 2016-07-18T14:16:14+08:00 ] 10.240.0.136 /cyBus2/index.php/busSchedule.html
INFO: [ app_init ] --START--
INFO: Run Behavior\BuildLiteBehavior [ RunTime:0.000031s ]
INFO: [ app_init ] --END-- [ RunTime:0.000460s ]
ERR: 无法加载模块:BusSchedule

[ 2016-07-18T14:16:46+08:00 ] 10.240.0.230 /cyBus2/index.php/busSchedule.html
INFO: [ app_init ] --START--
INFO: Run Behavior\BuildLiteBehavior [ RunTime:0.000036s ]
INFO: [ app_init ] --END-- [ RunTime:0.000239s ]
ERR: 无法加载模块:BusSchedule

[ 2016-07-18T14:18:05+08:00 ] 10.240.0.214 /cyBus2/index.php/busSchedule.html
INFO: [ app_init ] --START--
INFO: Run Behavior\BuildLiteBehavior [ RunTime:0.000193s ]
INFO: [ app_init ] --END-- [ RunTime:0.000438s ]
ERR: 无法加载模块:BusSchedule

[ 2016-07-18T14:18:16+08:00 ] 10.240.0.230 /cyBus2/index.php/busSchedule.html
INFO: [ app_init ] --START--
INFO: Run Behavior\BuildLiteBehavior [ RunTime:0.000053s ]
INFO: [ app_init ] --END-- [ RunTime:0.000643s ]
ERR: 无法加载模块:BusSchedule

[ 2016-07-18T14:20:21+08:00 ] 10.240.0.157 /cyBus2/index.php/busSchedule.html
INFO: [ app_init ] --START--
INFO: Run Behavior\BuildLiteBehavior [ RunTime:0.000044s ]
INFO: [ app_init ] --END-- [ RunTime:0.000493s ]
ERR: 无法加载模块:BusSchedule

[ 2016-07-18T14:22:45+08:00 ] 10.240.0.240 /cyBus2/index.php/busSchedule.html
INFO: [ app_init ] --START--
INFO: Run Behavior\BuildLiteBehavior [ RunTime:0.000032s ]
INFO: [ app_init ] --END-- [ RunTime:0.000580s ]
ERR: 无法加载模块:BusSchedule

[ 2016-07-18T14:23:38+08:00 ] 10.240.0.211 /cyBus2/index.php/busSchedule.html
ERR: 无法加载模块:BusSchedule

[ 2016-07-18T14:23:44+08:00 ] 10.240.0.211 /cyBus2/index.php/busSchedule.html
ERR: 无法加载模块:BusSchedule

[ 2016-07-18T14:23:51+08:00 ] 10.240.0.213 /cyBus2/index.php/busSchedule.html
INFO: [ app_init ] --START--
INFO: Run Behavior\BuildLiteBehavior [ RunTime:0.000059s ]
INFO: [ app_init ] --END-- [ RunTime:0.000746s ]
ERR: 无法加载模块:BusSchedule

